[debug] [2024-09-03T11:28:52.229Z] ----------------------------------------------------------------------
[debug] [2024-09-03T11:28:52.233Z] Command:       C:\Program Files\nodejs\node.exe C:\Users\IVSUSERDL0024\AppData\Roaming\npm\node_modules\firebase-tools\lib\bin\firebase.js init
[debug] [2024-09-03T11:28:52.233Z] CLI Version:   10.9.2
[debug] [2024-09-03T11:28:52.233Z] Platform:      win32
[debug] [2024-09-03T11:28:52.233Z] Node Version:  v20.11.0
[debug] [2024-09-03T11:28:52.233Z] Time:          Tue Sep 03 2024 16:58:52 GMT+0530 (India Standard Time)
[debug] [2024-09-03T11:28:52.234Z] ----------------------------------------------------------------------
[debug] 
[debug] [2024-09-03T11:28:52.243Z] > command requires scopes: ["email","openid","https://www.googleapis.com/auth/cloudplatformprojects.readonly","https://www.googleapis.com/auth/firebase","https://www.googleapis.com/auth/cloud-platform"]
[debug] [2024-09-03T11:28:52.243Z] > authorizing via signed-in user (felixaj.ni@gmail.com)
[info] 
     ######## #### ########  ######## ########     ###     ######  ########
     ##        ##  ##     ## ##       ##     ##  ##   ##  ##       ##
     ######    ##  ########  ######   ########  #########  ######  ######
     ##        ##  ##    ##  ##       ##     ## ##     ##       ## ##
     ##       #### ##     ## ######## ########  ##     ##  ######  ########

You're about to initialize a Firebase project in this directory:

  C:\felix 2\short list\felixaj

Before we get started, keep in mind:

  * You are currently outside your home directory

[debug] [2024-09-03T11:29:33.682Z] Error: kill ENOSYS
    at process.kill (node:internal/process/per_thread:233:13)
    at process.listener (C:\Users\IVSUSERDL0024\AppData\Roaming\npm\node_modules\firebase-tools\node_modules\signal-exit\index.js:95:15)
    at process.emit (node:events:518:28)
[error] 
[error] Error: An unexpected error has occurred.
